Project/NativeScript/androidreplplugintest/platforms/android/build/outputs/logs/manifest-merger-debug-report.txt
-- Merging decision tree log ---
manifest
ADDED from src/main/AndroidManifest.xml:2:1-19:12
	package
		ADDED from src/main/AndroidManifest.xml:3:62-110
	android:versionName
		ADDED from src/main/AndroidManifest.xml:3:135-160
	android:versionCode
		ADDED from src/main/AndroidManifest.xml:3:111-134
		INJECTED from src/main/AndroidManifest.xml
		INJECTED from src/main/AndroidManifest.xml
	xmlns:android
		ADDED from src/main/AndroidManifest.xml:3:3-61
supports-screens
ADDED from src/main/AndroidManifest.xml:4:3-136
	android:largeScreens
		ADDED from src/main/AndroidManifest.xml:4:78-105
	android:smallScreens
		ADDED from src/main/AndroidManifest.xml:4:21-48
	android:normalScreens
		ADDED from src/main/AndroidManifest.xml:4:49-77
	android:xlargeScreens
		ADDED from src/main/AndroidManifest.xml:4:106-134
uses-sdk
ADDED from src/main/AndroidManifest.xml:5:3-71
MERGED from [com.android.support:support-v4:22.2.1] AndroidManifest.xml:20:5-43
MERGED from [com.android.support:appcompat-v7:22.2.1] AndroidManifest.xml:20:5-43
MERGED from [com.android.support:support-v4:22.2.1] AndroidManifest.xml:20:5-43
	android:targetSdkVersion
		ADDED from src/main/AndroidManifest.xml:5:40-69
		INJECTED from src/main/AndroidManifest.xml
		INJECTED from src/main/AndroidManifest.xml
	android:minSdkVersion
		ADDED from src/main/AndroidManifest.xml:5:13-39
		INJECTED from src/main/AndroidManifest.xml
		INJECTED from src/main/AndroidManifest.xml
uses-permission#android.permission.READ_EXTERNAL_STORAGE
ADDED from src/main/AndroidManifest.xml:6:3-77
	android:name
		ADDED from src/main/AndroidManifest.xml:6:20-75
uses-permission#android.permission.WRITE_EXTERNAL_STORAGE
ADDED from src/main/AndroidManifest.xml:7:3-78
	android:name
		ADDED from src/main/AndroidManifest.xml:7:20-76
uses-permission#android.permission.INTERNET
ADDED from src/main/AndroidManifest.xml:8:3-64
	android:name
		ADDED from src/main/AndroidManifest.xml:8:20-62
application
ADDED from src/main/AndroidManifest.xml:9:3-17:17
MERGED from [com.android.support:support-v4:22.2.1] AndroidManifest.xml:22:5-20
MERGED from [com.android.support:appcompat-v7:22.2.1] AndroidManifest.xml:22:5-20
MERGED from [com.android.support:support-v4:22.2.1] AndroidManifest.xml:22:5-20
	android:label
		ADDED from src/main/AndroidManifest.xml:9:120-152
	android:allowBackup
		ADDED from src/main/AndroidManifest.xml:9:63-89
	android:icon
		ADDED from src/main/AndroidManifest.xml:9:90-119
	android:theme
		ADDED from src/main/AndroidManifest.xml:9:153-184
	android:name
		ADDED from src/main/AndroidManifest.xml:9:16-62
activity#com.tns.NativeScriptActivity
ADDED from src/main/AndroidManifest.xml:10:5-15:16
	android:label
		ADDED from src/main/AndroidManifest.xml:10:59-104
	android:configChanges
		ADDED from src/main/AndroidManifest.xml:10:105-166
	android:name
		ADDED from src/main/AndroidManifest.xml:10:15-58
intent-filter#android.intent.action.MAIN+android.intent.category.LAUNCHER
ADDED from src/main/AndroidManifest.xml:11:7-14:23
action#android.intent.action.MAIN
ADDED from src/main/AndroidManifest.xml:12:9-60
	android:name
		ADDED from src/main/AndroidManifest.xml:12:17-58
category#android.intent.category.LAUNCHER
ADDED from src/main/AndroidManifest.xml:13:9-68
	android:name
		ADDED from src/main/AndroidManifest.xml:13:19-66
activity#com.tns.ErrorReportActivity
ADDED from src/main/AndroidManifest.xml:16:5-59
	android:name
		ADDED from src/main/AndroidManifest.xml:16:15-57